===20200509-182627,deal_cache[309]=== cmd = setHash

===20200509-182627,cache_store_cb[105]=== [response]:

===20200509-182627,cache_store_cb[106]=== {
	"result":	"ok"
}

===20200509-182627,deal_cache[309]=== cmd = setLifecycle

===20200509-182627,deal_cache_setLifecycle[21]=== key = online-user-138dc115-d27f-4d39-ab0c-f7f72fcd1847, lifecycle = 600

===20200509-182627,cache_store_cb[105]=== [response]:

===20200509-182627,cache_store_cb[106]=== {
	"result":	"ok"
}

===20200509-183632,deal_cache[309]=== cmd = setHash

===20200509-183632,cache_store_cb[105]=== [response]:

===20200509-183632,cache_store_cb[106]=== {
	"result":	"ok"
}

===20200509-183632,deal_cache[309]=== cmd = setLifecycle

===20200509-183632,deal_cache_setLifecycle[21]=== key = online-user-6672562e-bbf8-4616-8996-732a839aec3f, lifecycle = 600

===20200509-183632,cache_store_cb[105]=== [response]:

===20200509-183632,cache_store_cb[106]=== {
	"result":	"ok"
}

===20200509-183651,deal_cache[309]=== cmd = setHash

===20200509-183651,cache_store_cb[105]=== [response]:

===20200509-183651,cache_store_cb[106]=== {
	"result":	"ok"
}

===20200509-183651,deal_cache[309]=== cmd = setLifecycle

===20200509-183651,deal_cache_setLifecycle[21]=== key = online-user-394a6b53-30c0-45d9-a9a8-41975b0d3b24, lifecycle = 600

===20200509-183651,cache_store_cb[105]=== [response]:

===20200509-183651,cache_store_cb[106]=== {
	"result":	"ok"
}

===20200509-184310,deal_cache[309]=== cmd = setHash

===20200509-184310,cache_store_cb[105]=== [response]:

===20200509-184310,cache_store_cb[106]=== {
	"result":	"ok"
}

===20200509-184310,deal_cache[309]=== cmd = setLifecycle

===20200509-184310,deal_cache_setLifecycle[21]=== key = online-user-8d390e93-625b-49df-979d-4f66b542a580, lifecycle = 600

===20200509-184310,cache_store_cb[105]=== [response]:

===20200509-184310,cache_store_cb[106]=== {
	"result":	"ok"
}

===20200509-184331,deal_cache[309]=== cmd = setHash

===20200509-184331,cache_store_cb[105]=== [response]:

===20200509-184331,cache_store_cb[106]=== {
	"result":	"ok"
}

===20200509-184331,deal_cache[309]=== cmd = setLifecycle

===20200509-184331,deal_cache_setLifecycle[21]=== key = online-user-14142e88-dbec-4899-83ca-270896ca0a8d, lifecycle = 600

===20200509-184331,cache_store_cb[105]=== [response]:

===20200509-184331,cache_store_cb[106]=== {
	"result":	"ok"
}

===20200509-185049,deal_cache[309]=== cmd = setHash

===20200509-185049,cache_store_cb[105]=== [response]:

===20200509-185049,cache_store_cb[106]=== {
	"result":	"ok"
}

===20200509-185049,deal_cache[309]=== cmd = setLifecycle

===20200509-185049,deal_cache_setLifecycle[21]=== key = online-user-bc19c0e2-5df8-44b1-b593-23618ecadba7, lifecycle = 600

===20200509-185049,cache_store_cb[105]=== [response]:

===20200509-185049,cache_store_cb[106]=== {
	"result":	"ok"
}

===20200509-190220,deal_cache[309]=== cmd = setHash

===20200509-190220,cache_store_cb[105]=== [response]:

===20200509-190220,cache_store_cb[106]=== {
	"result":	"ok"
}

===20200509-190220,deal_cache[309]=== cmd = setLifecycle

===20200509-190220,deal_cache_setLifecycle[21]=== key = online-user-a490f438-bb60-4fb8-a255-e8148fc8c0d2, lifecycle = 600

===20200509-190220,cache_store_cb[105]=== [response]:

===20200509-190220,cache_store_cb[106]=== {
	"result":	"ok"
}

===20200509-190425,deal_cache[309]=== cmd = setHash

===20200509-190425,cache_store_cb[105]=== [response]:

===20200509-190425,cache_store_cb[106]=== {
	"result":	"ok"
}

===20200509-190425,deal_cache[309]=== cmd = setLifecycle

===20200509-190425,deal_cache_setLifecycle[21]=== key = online-user-02541f63-2a92-4569-adcd-d51b9c228f26, lifecycle = 600

===20200509-190425,cache_store_cb[105]=== [response]:

===20200509-190425,cache_store_cb[106]=== {
	"result":	"ok"
}

===20200509-190438,deal_cache[309]=== cmd = setHash

===20200509-190438,cache_store_cb[105]=== [response]:

===20200509-190438,cache_store_cb[106]=== {
	"result":	"ok"
}

===20200509-190438,deal_cache[309]=== cmd = setLifecycle

===20200509-190438,deal_cache_setLifecycle[21]=== key = online-user-08d58f45-665e-4758-88a0-3b7124647cfc, lifecycle = 600

===20200509-190438,cache_store_cb[105]=== [response]:

===20200509-190438,cache_store_cb[106]=== {
	"result":	"ok"
}

===20200509-190616,deal_cache[309]=== cmd = setHash

===20200509-190616,cache_store_cb[105]=== [response]:

===20200509-190616,cache_store_cb[106]=== {
	"result":	"ok"
}

===20200509-190616,deal_cache[309]=== cmd = setLifecycle

===20200509-190616,deal_cache_setLifecycle[21]=== key = online-user-8278826a-c196-46b8-a1e8-3845cdb8a4a8, lifecycle = 600

===20200509-190616,cache_store_cb[105]=== [response]:

===20200509-190616,cache_store_cb[106]=== {
	"result":	"ok"
}

===20200509-191135,deal_cache[309]=== cmd = setHash

===20200509-191135,cache_store_cb[105]=== [response]:

===20200509-191135,cache_store_cb[106]=== {
	"result":	"ok"
}

===20200509-191135,deal_cache[309]=== cmd = setLifecycle

===20200509-191135,deal_cache_setLifecycle[21]=== key = online-user-12859c78-c663-482a-9826-a62e3c989780, lifecycle = 600

===20200509-191135,cache_store_cb[105]=== [response]:

===20200509-191135,cache_store_cb[106]=== {
	"result":	"ok"
}

===20200509-200657,deal_cache[309]=== cmd = setHash

===20200509-200657,cache_store_cb[105]=== [response]:

===20200509-200657,cache_store_cb[106]=== {
	"result":	"ok"
}

===20200509-200657,deal_cache[309]=== cmd = setLifecycle

===20200509-200657,deal_cache_setLifecycle[21]=== key = online-user-829cb7a3-1d7c-4435-b20e-7eea883ea4bc, lifecycle = 600

===20200509-200657,cache_store_cb[105]=== [response]:

===20200509-200657,cache_store_cb[106]=== {
	"result":	"ok"
}

===20200509-203336,deal_cache[309]=== cmd = setHash

===20200509-203336,cache_store_cb[105]=== [response]:

===20200509-203336,cache_store_cb[106]=== {
	"result":	"ok"
}

===20200509-203336,deal_cache[309]=== cmd = setLifecycle

===20200509-203336,deal_cache_setLifecycle[21]=== key = online-user-c53f6c02-b9b1-4713-8612-7865f434ecba, lifecycle = 600

===20200509-203336,cache_store_cb[105]=== [response]:

===20200509-203336,cache_store_cb[106]=== {
	"result":	"ok"
}

===20200509-203349,deal_cache[309]=== cmd = setHash

===20200509-203349,cache_store_cb[105]=== [response]:

===20200509-203349,cache_store_cb[106]=== {
	"result":	"ok"
}

===20200509-203349,deal_cache[309]=== cmd = setLifecycle

===20200509-203349,deal_cache_setLifecycle[21]=== key = online-user-654ef312-5992-4101-b60f-1d78ce0c3dcd, lifecycle = 600

===20200509-203349,cache_store_cb[105]=== [response]:

===20200509-203349,cache_store_cb[106]=== {
	"result":	"ok"
}

===20200509-205428,deal_cache[309]=== cmd = setHash

===20200509-205428,cache_store_cb[105]=== [response]:

===20200509-205428,cache_store_cb[106]=== {
	"result":	"ok"
}

===20200509-205428,deal_cache[309]=== cmd = setLifecycle

===20200509-205428,deal_cache_setLifecycle[21]=== key = online-user-aefcb5a2-1dec-4dfc-b1c2-476211de52c1, lifecycle = 600

===20200509-205428,cache_store_cb[105]=== [response]:

===20200509-205428,cache_store_cb[106]=== {
	"result":	"ok"
}

===20200509-212421,deal_cache[309]=== cmd = setHash

===20200509-212421,cache_store_cb[105]=== [response]:

===20200509-212421,cache_store_cb[106]=== {
	"result":	"ok"
}

===20200509-212421,deal_cache[309]=== cmd = setLifecycle

===20200509-212421,deal_cache_setLifecycle[21]=== key = online-user-8a407e14-0107-4c4a-b806-c76c0c75d533, lifecycle = 600

===20200509-212421,cache_store_cb[105]=== [response]:

===20200509-212421,cache_store_cb[106]=== {
	"result":	"ok"
}

===20200509-212841,deal_cache[309]=== cmd = setHash

===20200509-212841,cache_store_cb[105]=== [response]:

===20200509-212841,cache_store_cb[106]=== {
	"result":	"ok"
}

===20200509-212841,deal_cache[309]=== cmd = setLifecycle

===20200509-212841,deal_cache_setLifecycle[21]=== key = online-user-e8a75eb5-2978-4bc8-a2e8-264fdbe00610, lifecycle = 600

===20200509-212841,cache_store_cb[105]=== [response]:

===20200509-212841,cache_store_cb[106]=== {
	"result":	"ok"
}

===20200509-213201,deal_cache[309]=== cmd = setHash

===20200509-213201,cache_store_cb[105]=== [response]:

===20200509-213201,cache_store_cb[106]=== {
	"result":	"ok"
}

===20200509-213201,deal_cache[309]=== cmd = setLifecycle

===20200509-213201,deal_cache_setLifecycle[21]=== key = online-user-f5f5f9a9-44b4-4fa2-ada6-8ff450864e3c, lifecycle = 600

===20200509-213201,cache_store_cb[105]=== [response]:

===20200509-213201,cache_store_cb[106]=== {
	"result":	"ok"
}

===20200509-214936,deal_cache[309]=== cmd = setHash

===20200509-214936,cache_store_cb[105]=== [response]:

===20200509-214936,cache_store_cb[106]=== {
	"result":	"ok"
}

===20200509-214936,deal_cache[309]=== cmd = setLifecycle

===20200509-214936,deal_cache_setLifecycle[21]=== key = online-user-900cf2e8-05fd-4bf5-9c63-0dbbe7e370be, lifecycle = 600

===20200509-214936,cache_store_cb[105]=== [response]:

===20200509-214936,cache_store_cb[106]=== {
	"result":	"ok"
}

===20200509-220048,deal_cache[309]=== cmd = setHash

===20200509-220048,cache_store_cb[105]=== [response]:

===20200509-220048,cache_store_cb[106]=== {
	"result":	"ok"
}

===20200509-220048,deal_cache[309]=== cmd = setLifecycle

===20200509-220048,deal_cache_setLifecycle[21]=== key = online-user-cc8ea18a-3413-4f16-974b-d994feffadf9, lifecycle = 600

===20200509-220048,cache_store_cb[105]=== [response]:

===20200509-220048,cache_store_cb[106]=== {
	"result":	"ok"
}

