===20200508-000018,persistent_store_cb[53]=== Got a POST request for </persistent>

===20200508-000018,deal_persistent[178]=== query from SUBWAY_TABLE_USER

===20200508-000018,persistent_store_cb[114]=== [response]:

===20200508-000018,persistent_store_cb[115]=== {
	"result":	"error",
	"reason":	"query SUBWAY_TABLE_USER error"
}

===20200508-004107,persistent_store_cb[53]=== Got a POST request for </persistent>

===20200508-004107,deal_persistent[178]=== query from SUBWAY_TABLE_USER

===20200508-004107,persistent_store_cb[114]=== [response]:

===20200508-004107,persistent_store_cb[115]=== {
	"result":	"error",
	"reason":	"query SUBWAY_TABLE_USER error"
}

===20200508-004851,persistent_store_cb[53]=== Got a POST request for </persistent>

===20200508-004851,deal_persistent[178]=== query from SUBWAY_TABLE_USER

===20200508-004851,persistent_store_cb[114]=== [response]:

===20200508-004851,persistent_store_cb[115]=== {
	"result":	"error",
	"reason":	"query SUBWAY_TABLE_USER error"
}

===20200508-010811,persistent_store_cb[53]=== Got a POST request for </persistent>

===20200508-010811,deal_persistent[178]=== query from SUBWAY_TABLE_USER

===20200508-010811,persistent_store_cb[114]=== [response]:

===20200508-010811,persistent_store_cb[115]=== {
	"result":	"error",
	"reason":	"query SUBWAY_TABLE_USER error"
}

===20200508-010935,persistent_store_cb[53]=== Got a POST request for </persistent>

===20200508-010935,deal_persistent[178]=== query from SUBWAY_TABLE_USER

===20200508-010935,process_result[19]=== 0 rows returned 

===20200508-010935,persistent_store_cb[114]=== [response]:

===20200508-010935,persistent_store_cb[115]=== {
	"result":	"error",
	"reason":	"query SUBWAY_TABLE_USER error"
}

===20200508-011226,persistent_store_cb[53]=== Got a POST request for </persistent>

===20200508-011226,deal_persistent[178]=== query from SUBWAY_TABLE_USER

===20200508-011226,process_result[19]=== 0 rows returned 

===20200508-011226,persistent_store_cb[114]=== [response]:

===20200508-011226,persistent_store_cb[115]=== {
	"result":	"error",
	"reason":	"query SUBWAY_TABLE_USER error"
}

===20200508-011308,persistent_store_cb[53]=== Got a POST request for </persistent>

===20200508-011308,deal_persistent[159]=== insert into SUBWAY_TABLE_USER

===20200508-011308,insert_table_user[121]=== query = insert into SUBWAY_TABLE_USER (u_name, password) values ('18292677162', 'yuan99124')

===20200508-011308,insert_table_user[122]=== ==== insert SUBWAY_TABLE_USER error===

===20200508-011308,persistent_store_cb[114]=== [response]:

===20200508-011308,persistent_store_cb[115]=== {
	"result":	"error",
	"reason":	"store SUBWAY_TABLE_USER error"
}

===20200508-011545,persistent_store_cb[53]=== Got a POST request for </persistent>

===20200508-011545,deal_persistent[159]=== insert into SUBWAY_TABLE_USER

===20200508-011545,persistent_store_cb[114]=== [response]:

===20200508-011545,persistent_store_cb[115]=== {
	"result":	"ok"
}

===20200508-012901,persistent_store_cb[53]=== Got a POST request for </persistent>

===20200508-012901,deal_persistent[178]=== query from SUBWAY_TABLE_USER

===20200508-012901,process_result[19]=== 1 rows returned 

===20200508-012901,process_result[28]=== 0 row is yuan99124
===20200508-012901,persistent_store_cb[114]=== [response]:

===20200508-012901,persistent_store_cb[115]=== {
	"result":	"ok"
}

===20200508-013058,persistent_store_cb[53]=== Got a POST request for </persistent>

===20200508-013058,deal_persistent[178]=== query from SUBWAY_TABLE_USER

===20200508-013058,process_result[19]=== 1 rows returned 

===20200508-013058,process_result[28]=== 0 row is yuan99124
===20200508-013058,persistent_store_cb[114]=== [response]:

===20200508-013058,persistent_store_cb[115]=== {
	"result":	"ok"
}

===20200508-013851,persistent_store_cb[53]=== Got a POST request for </persistent>

===20200508-013851,deal_persistent[178]=== query from SUBWAY_TABLE_USER

===20200508-013851,process_result[19]=== 0 rows returned 

===20200508-013851,persistent_store_cb[114]=== [response]:

===20200508-013851,persistent_store_cb[115]=== {
	"result":	"error",
	"reason":	"query SUBWAY_TABLE_USER error"
}

===20200508-014129,persistent_store_cb[53]=== Got a POST request for </persistent>

===20200508-014129,deal_persistent[178]=== query from SUBWAY_TABLE_USER

===20200508-014129,process_result[19]=== 0 rows returned 

===20200508-014129,persistent_store_cb[114]=== [response]:

===20200508-014129,persistent_store_cb[115]=== {
	"result":	"error",
	"reason":	"query SUBWAY_TABLE_USER error"
}

===20200508-014130,persistent_store_cb[53]=== Got a POST request for </persistent>

===20200508-014130,deal_persistent[178]=== query from SUBWAY_TABLE_USER

===20200508-014130,process_result[19]=== 0 rows returned 

===20200508-014130,persistent_store_cb[114]=== [response]:

===20200508-014130,persistent_store_cb[115]=== {
	"result":	"error",
	"reason":	"query SUBWAY_TABLE_USER error"
}

===20200508-014132,persistent_store_cb[53]=== Got a POST request for </persistent>

===20200508-014132,deal_persistent[178]=== query from SUBWAY_TABLE_USER

===20200508-014132,process_result[19]=== 0 rows returned 

===20200508-014132,persistent_store_cb[114]=== [response]:

===20200508-014132,persistent_store_cb[115]=== {
	"result":	"error",
	"reason":	"query SUBWAY_TABLE_USER error"
}

===20200508-014133,persistent_store_cb[53]=== Got a POST request for </persistent>

===20200508-014133,deal_persistent[178]=== query from SUBWAY_TABLE_USER

===20200508-014133,process_result[19]=== 0 rows returned 

===20200508-014133,persistent_store_cb[114]=== [response]:

===20200508-014133,persistent_store_cb[115]=== {
	"result":	"error",
	"reason":	"query SUBWAY_TABLE_USER error"
}

===20200508-014201,persistent_store_cb[53]=== Got a POST request for </persistent>

===20200508-014201,deal_persistent[159]=== insert into SUBWAY_TABLE_USER

===20200508-014201,persistent_store_cb[114]=== [response]:

===20200508-014201,persistent_store_cb[115]=== {
	"result":	"ok"
}

===20200508-014213,persistent_store_cb[53]=== Got a POST request for </persistent>

===20200508-014213,deal_persistent[178]=== query from SUBWAY_TABLE_USER

===20200508-014213,process_result[19]=== 1 rows returned 

===20200508-014213,process_result[28]=== 0 row is yuan99124
===20200508-014213,persistent_store_cb[114]=== [response]:

===20200508-014213,persistent_store_cb[115]=== {
	"result":	"error",
	"reason":	"query SUBWAY_TABLE_USER error"
}

===20200508-014216,persistent_store_cb[53]=== Got a POST request for </persistent>

===20200508-014216,deal_persistent[178]=== query from SUBWAY_TABLE_USER

===20200508-014216,process_result[19]=== 1 rows returned 

===20200508-014216,process_result[28]=== 0 row is yuan99124
===20200508-014216,persistent_store_cb[114]=== [response]:

===20200508-014216,persistent_store_cb[115]=== {
	"result":	"ok"
}

===20200508-014604,persistent_store_cb[53]=== Got a POST request for </persistent>

===20200508-014604,deal_persistent[178]=== query from SUBWAY_TABLE_USER

===20200508-014604,process_result[19]=== 1 rows returned 

===20200508-014604,process_result[28]=== 0 row is yuan99124
===20200508-014604,persistent_store_cb[114]=== [response]:

===20200508-014604,persistent_store_cb[115]=== {
	"result":	"ok"
}

===20200508-014904,persistent_store_cb[53]=== Got a POST request for </persistent>

===20200508-014904,deal_persistent[159]=== insert into SUBWAY_TABLE_USER

===20200508-014904,insert_table_user[121]=== query = insert into SUBWAY_TABLE_USER (u_name, password, phone) values ('18292677162', 'yuan99123', 18292677162)

===20200508-014904,insert_table_user[122]=== ==== insert SUBWAY_TABLE_USER error===

===20200508-014904,persistent_store_cb[114]=== [response]:

===20200508-014904,persistent_store_cb[115]=== {
	"result":	"error",
	"reason":	"store SUBWAY_TABLE_USER error"
}

===20200508-014920,persistent_store_cb[53]=== Got a POST request for </persistent>

===20200508-014920,deal_persistent[178]=== query from SUBWAY_TABLE_USER

===20200508-014920,process_result[19]=== 1 rows returned 

===20200508-014920,process_result[28]=== 0 row is yuan99124
===20200508-014920,persistent_store_cb[114]=== [response]:

===20200508-014920,persistent_store_cb[115]=== {
	"result":	"ok"
}

===20200508-014937,persistent_store_cb[53]=== Got a POST request for </persistent>

===20200508-014937,deal_persistent[178]=== query from SUBWAY_TABLE_USER

===20200508-014937,process_result[19]=== 1 rows returned 

===20200508-014937,process_result[28]=== 0 row is yuan99124
===20200508-014937,persistent_store_cb[114]=== [response]:

===20200508-014937,persistent_store_cb[115]=== {
	"result":	"ok"
}

===20200508-031623,persistent_store_cb[53]=== Got a POST request for </persistent>

===20200508-031623,deal_persistent[178]=== query from SUBWAY_TABLE_USER

===20200508-031623,process_result[19]=== 1 rows returned 

===20200508-031623,process_result[28]=== 0 row is yuan99124
===20200508-031623,persistent_store_cb[114]=== [response]:

===20200508-031623,persistent_store_cb[115]=== {
	"result":	"ok"
}

===20200508-051228,persistent_store_cb[53]=== Got a POST request for </persistent>

===20200508-051228,deal_persistent[178]=== query from SUBWAY_TABLE_USER

===20200508-051228,process_result[19]=== 1 rows returned 

===20200508-051228,process_result[28]=== 0 row is yuan99124
===20200508-051228,persistent_store_cb[114]=== [response]:

===20200508-051228,persistent_store_cb[115]=== {
	"result":	"ok"
}

===20200508-140844,persistent_store_cb[53]=== Got a POST request for </persistent>

===20200508-140844,deal_persistent[178]=== query from SUBWAY_TABLE_USER

===20200508-140844,process_result[19]=== 1 rows returned 

===20200508-140844,process_result[28]=== 0 row is yuan99124
===20200508-140844,persistent_store_cb[114]=== [response]:

===20200508-140844,persistent_store_cb[115]=== {
	"result":	"error",
	"reason":	"query SUBWAY_TABLE_USER error"
}

===20200508-140849,persistent_store_cb[53]=== Got a POST request for </persistent>

===20200508-140849,deal_persistent[178]=== query from SUBWAY_TABLE_USER

===20200508-140849,process_result[19]=== 1 rows returned 

===20200508-140849,process_result[28]=== 0 row is yuan99124
===20200508-140849,persistent_store_cb[114]=== [response]:

===20200508-140849,persistent_store_cb[115]=== {
	"result":	"ok"
}

===20200508-200201,persistent_store_cb[53]=== Got a POST request for </persistent>

===20200508-200201,deal_persistent[178]=== query from SUBWAY_TABLE_USER

===20200508-200201,process_result[19]=== 1 rows returned 

===20200508-200201,process_result[28]=== 0 row is yuan99124
===20200508-200201,persistent_store_cb[114]=== [response]:

===20200508-200201,persistent_store_cb[115]=== {
	"result":	"ok"
}

===20200508-201035,persistent_store_cb[53]=== Got a POST request for </persistent>

===20200508-201035,deal_persistent[178]=== query from SUBWAY_TABLE_USER

===20200508-201035,process_result[19]=== 1 rows returned 

===20200508-201035,process_result[28]=== 0 row is yuan99124
===20200508-201035,persistent_store_cb[114]=== [response]:

===20200508-201035,persistent_store_cb[115]=== {
	"result":	"error",
	"reason":	"query SUBWAY_TABLE_USER error"
}

===20200508-201040,persistent_store_cb[53]=== Got a POST request for </persistent>

===20200508-201040,deal_persistent[178]=== query from SUBWAY_TABLE_USER

===20200508-201040,process_result[19]=== 1 rows returned 

===20200508-201040,process_result[28]=== 0 row is yuan99124
===20200508-201040,persistent_store_cb[114]=== [response]:

===20200508-201040,persistent_store_cb[115]=== {
	"result":	"ok"
}

===20200508-201148,persistent_store_cb[53]=== Got a POST request for </persistent>

===20200508-201148,deal_persistent[178]=== query from SUBWAY_TABLE_USER

===20200508-201148,process_result[19]=== 1 rows returned 

===20200508-201148,process_result[28]=== 0 row is yuan99124
===20200508-201148,persistent_store_cb[114]=== [response]:

===20200508-201148,persistent_store_cb[115]=== {
	"result":	"ok"
}

===20200508-201333,persistent_store_cb[53]=== Got a POST request for </persistent>

===20200508-201333,deal_persistent[178]=== query from SUBWAY_TABLE_USER

===20200508-201333,process_result[19]=== 1 rows returned 

===20200508-201333,process_result[28]=== 0 row is yuan99124
===20200508-201333,persistent_store_cb[114]=== [response]:

===20200508-201333,persistent_store_cb[115]=== {
	"result":	"error",
	"reason":	"query SUBWAY_TABLE_USER error"
}

===20200508-201340,persistent_store_cb[53]=== Got a POST request for </persistent>

===20200508-201340,deal_persistent[178]=== query from SUBWAY_TABLE_USER

===20200508-201340,process_result[19]=== 1 rows returned 

===20200508-201340,process_result[28]=== 0 row is yuan99124
===20200508-201340,persistent_store_cb[114]=== [response]:

===20200508-201340,persistent_store_cb[115]=== {
	"result":	"ok"
}

===20200508-204825,persistent_store_cb[53]=== Got a POST request for </persistent>

===20200508-204825,deal_persistent[178]=== query from SUBWAY_TABLE_USER

===20200508-204825,process_result[19]=== 1 rows returned 

===20200508-204825,process_result[28]=== 0 row is yuan99124
===20200508-204825,persistent_store_cb[114]=== [response]:

===20200508-204825,persistent_store_cb[115]=== {
	"result":	"ok"
}

===20200508-205128,persistent_store_cb[53]=== Got a POST request for </persistent>

===20200508-205128,deal_persistent[178]=== query from SUBWAY_TABLE_USER

===20200508-205128,process_result[19]=== 1 rows returned 

===20200508-205128,process_result[28]=== 0 row is yuan99124
===20200508-205128,persistent_store_cb[114]=== [response]:

===20200508-205128,persistent_store_cb[115]=== {
	"result":	"ok"
}

===20200508-205400,persistent_store_cb[53]=== Got a POST request for </persistent>

===20200508-205400,deal_persistent[178]=== query from SUBWAY_TABLE_USER

===20200508-205400,process_result[19]=== 1 rows returned 

===20200508-205400,process_result[28]=== 0 row is yuan99124
===20200508-205400,persistent_store_cb[114]=== [response]:

===20200508-205400,persistent_store_cb[115]=== {
	"result":	"ok"
}

===20200508-205637,persistent_store_cb[53]=== Got a POST request for </persistent>

===20200508-205637,deal_persistent[178]=== query from SUBWAY_TABLE_USER

===20200508-205637,process_result[19]=== 1 rows returned 

===20200508-205637,process_result[28]=== 0 row is yuan99124
===20200508-205637,persistent_store_cb[114]=== [response]:

===20200508-205637,persistent_store_cb[115]=== {
	"result":	"ok"
}

===20200508-205818,persistent_store_cb[53]=== Got a POST request for </persistent>

===20200508-205818,deal_persistent[178]=== query from SUBWAY_TABLE_USER

===20200508-205818,process_result[19]=== 1 rows returned 

===20200508-205818,process_result[28]=== 0 row is yuan99124
===20200508-205818,persistent_store_cb[114]=== [response]:

===20200508-205818,persistent_store_cb[115]=== {
	"result":	"error",
	"reason":	"query SUBWAY_TABLE_USER error"
}

===20200508-205825,persistent_store_cb[53]=== Got a POST request for </persistent>

===20200508-205825,deal_persistent[178]=== query from SUBWAY_TABLE_USER

===20200508-205825,process_result[19]=== 1 rows returned 

===20200508-205825,process_result[28]=== 0 row is yuan99124
===20200508-205825,persistent_store_cb[114]=== [response]:

===20200508-205825,persistent_store_cb[115]=== {
	"result":	"ok"
}

===20200508-210917,persistent_store_cb[53]=== Got a POST request for </persistent>

===20200508-210917,deal_persistent[178]=== query from SUBWAY_TABLE_USER

===20200508-210917,process_result[19]=== 1 rows returned 

===20200508-210917,process_result[28]=== 0 row is yuan99124
===20200508-210917,persistent_store_cb[114]=== [response]:

===20200508-210917,persistent_store_cb[115]=== {
	"result":	"ok"
}

===20200508-211217,persistent_store_cb[53]=== Got a POST request for </persistent>

===20200508-211217,deal_persistent[178]=== query from SUBWAY_TABLE_USER

===20200508-211217,process_result[19]=== 1 rows returned 

===20200508-211217,process_result[28]=== 0 row is yuan99124
===20200508-211217,persistent_store_cb[114]=== [response]:

===20200508-211217,persistent_store_cb[115]=== {
	"result":	"ok"
}

===20200508-211550,persistent_store_cb[53]=== Got a POST request for </persistent>

===20200508-211550,deal_persistent[178]=== query from SUBWAY_TABLE_USER

===20200508-211550,process_result[19]=== 1 rows returned 

===20200508-211550,process_result[28]=== 0 row is yuan99124
===20200508-211550,persistent_store_cb[114]=== [response]:

===20200508-211550,persistent_store_cb[115]=== {
	"result":	"ok"
}

===20200508-212054,persistent_store_cb[53]=== Got a POST request for </persistent>

===20200508-212054,deal_persistent[178]=== query from SUBWAY_TABLE_USER

===20200508-212054,process_result[19]=== 1 rows returned 

===20200508-212054,process_result[28]=== 0 row is yuan99124
===20200508-212054,persistent_store_cb[114]=== [response]:

===20200508-212054,persistent_store_cb[115]=== {
	"result":	"ok"
}

===20200508-212219,persistent_store_cb[53]=== Got a POST request for </persistent>

===20200508-212219,deal_persistent[178]=== query from SUBWAY_TABLE_USER

===20200508-212219,process_result[19]=== 1 rows returned 

===20200508-212219,process_result[28]=== 0 row is yuan99124
===20200508-212219,persistent_store_cb[114]=== [response]:

===20200508-212219,persistent_store_cb[115]=== {
	"result":	"ok"
}

===20200508-212813,persistent_store_cb[53]=== Got a POST request for </persistent>

===20200508-212813,deal_persistent[178]=== query from SUBWAY_TABLE_USER

===20200508-212813,process_result[19]=== 1 rows returned 

===20200508-212813,process_result[28]=== 0 row is yuan99124
===20200508-212813,persistent_store_cb[114]=== [response]:

===20200508-212813,persistent_store_cb[115]=== {
	"result":	"error",
	"reason":	"query SUBWAY_TABLE_USER error"
}

===20200508-212820,persistent_store_cb[53]=== Got a POST request for </persistent>

===20200508-212820,deal_persistent[178]=== query from SUBWAY_TABLE_USER

===20200508-212820,process_result[19]=== 1 rows returned 

===20200508-212820,process_result[28]=== 0 row is yuan99124
===20200508-212820,persistent_store_cb[114]=== [response]:

===20200508-212820,persistent_store_cb[115]=== {
	"result":	"ok"
}

===20200508-220044,persistent_store_cb[53]=== Got a POST request for </persistent>

===20200508-220044,deal_persistent[178]=== query from SUBWAY_TABLE_USER

===20200508-220044,process_result[19]=== 1 rows returned 

===20200508-220044,process_result[28]=== 0 row is yuan99124
===20200508-220044,persistent_store_cb[114]=== [response]:

===20200508-220044,persistent_store_cb[115]=== {
	"result":	"error",
	"reason":	"query SUBWAY_TABLE_USER error"
}

===20200508-220050,persistent_store_cb[53]=== Got a POST request for </persistent>

===20200508-220050,deal_persistent[178]=== query from SUBWAY_TABLE_USER

===20200508-220050,process_result[19]=== 1 rows returned 

===20200508-220050,process_result[28]=== 0 row is yuan99124
===20200508-220050,persistent_store_cb[114]=== [response]:

===20200508-220050,persistent_store_cb[115]=== {
	"result":	"ok"
}

===20200508-220401,persistent_store_cb[53]=== Got a POST request for </persistent>

===20200508-220401,deal_persistent[178]=== query from SUBWAY_TABLE_USER

===20200508-220401,process_result[19]=== 1 rows returned 

===20200508-220401,process_result[28]=== 0 row is yuan99124
===20200508-220401,persistent_store_cb[114]=== [response]:

===20200508-220401,persistent_store_cb[115]=== {
	"result":	"ok"
}

===20200508-220711,persistent_store_cb[53]=== Got a POST request for </persistent>

===20200508-220711,deal_persistent[178]=== query from SUBWAY_TABLE_USER

===20200508-220711,process_result[19]=== 1 rows returned 

===20200508-220711,process_result[28]=== 0 row is yuan99124
===20200508-220711,persistent_store_cb[114]=== [response]:

===20200508-220711,persistent_store_cb[115]=== {
	"result":	"error",
	"reason":	"query SUBWAY_TABLE_USER error"
}

===20200508-220717,persistent_store_cb[53]=== Got a POST request for </persistent>

===20200508-220717,deal_persistent[178]=== query from SUBWAY_TABLE_USER

===20200508-220717,process_result[19]=== 1 rows returned 

===20200508-220717,process_result[28]=== 0 row is yuan99124
===20200508-220717,persistent_store_cb[114]=== [response]:

===20200508-220717,persistent_store_cb[115]=== {
	"result":	"ok"
}

===20200508-220912,persistent_store_cb[53]=== Got a POST request for </persistent>

===20200508-220912,deal_persistent[178]=== query from SUBWAY_TABLE_USER

===20200508-220912,process_result[19]=== 1 rows returned 

===20200508-220912,process_result[28]=== 0 row is yuan99124
===20200508-220912,persistent_store_cb[114]=== [response]:

===20200508-220912,persistent_store_cb[115]=== {
	"result":	"ok"
}

