Using OpenSSL version "OpenSSL 1.0.2k-fips  26 Jan 2017"
and libevent version "2.2.0-alpha-dev"
Loading certificate chain from 'server-certificate-chain.pem'
and private key from 'server-private-key.pem'
Listening on 0.0.0.0:8888
Got a POST request for </login>
[post_data][77]=
 {
	"username":	"18292677162",
	"password":	"yuan88124ww",
	"regist":	"yes"
}
username = 18292677162
password = yuan88124ww
regist = yes
[response]:
{
	"result":	"ok"
}
Got a POST request for </login>
[post_data][75]=
 {
	"username":	"18292677162",
	"password":	"gsgsgs111",
	"regist":	"yes"
}
username = 18292677162
password = gsgsgs111
regist = yes
[response]:
{
	"result":	"ok"
}
Got a POST request for </login>
[post_data][75]=
 {
	"username":	"18292677152",
	"password":	"ufduhd333",
	"regist":	"yes"
}
username = 18292677152
password = ufduhd333
regist = yes
[response]:
{
	"result":	"ok"
}
Got a POST request for </login>
[post_data][77]=
 {
	"username":	"18292677128",
	"password":	"hshshshs111",
	"regist":	"yes"
}
username = 18292677128
password = hshshshs111
regist = yes
[response]:
{
	"result":	"ok"
}
Got a POST request for </login>
[post_data][75]=
 {
	"username":	"18292666712",
	"password":	"gegsgs111",
	"regist":	"yes"
}
username = 18292666712
password = gegsgs111
regist = yes
[response]:
{
	"result":	"ok"
}
Got a POST request for </login>
[post_data][76]=
 {
	"username":	"18292677162",
	"password":	"gsgsgs1122",
	"regist":	"yes"
}
username = 18292677162
password = gsgsgs1122
regist = yes
[response]:
{
	"result":	"ok"
}
Got a POST request for </login>
[post_data][77]=
 {
	"username":	"18292677162",
	"password":	"gshshsg2221",
	"regist":	"yes"
}
username = 18292677162
password = gshshsg2221
regist = yes
[response]:
{
	"result":	"ok"
}
Got a POST request for </login>
[post_data][78]=
 {
	"username":	"18292677162",
	"password":	"hduuhhhh2222",
	"regist":	"yes"
}
username = 18292677162
password = hduuhhhh2222
regist = yes
[response]:
{
	"result":	"ok"
}
Got a POST request for </login>
[post_data][76]=
 {
	"username":	"18292677162",
	"password":	"ueueje2222",
	"regist":	"yes"
}
username = 18292677162
password = ueueje2222
regist = yes
[response]:
{
	"result":	"ok"
}
Got a POST request for </login>
[post_data][76]=
 {
	"username":	"18292677162",
	"password":	"ysyshwh122",
	"regist":	"yes"
}
username = 18292677162
password = ysyshwh122
regist = yes
[response]:
{
	"result":	"ok"
}
Got a POST request for </login>
[post_data][76]=
 {
	"username":	"18292677162",
	"password":	"gehwgwg111",
	"regist":	"yes"
}
username = 18292677162
password = gehwgwg111
regist = yes
[response]:
{
	"result":	"ok"
}
Got a POST request for </login>
[post_data][77]=
 {
	"username":	"18292677162",
	"password":	"gsgsgsg1111",
	"regist":	"yes"
}
username = 18292677162
password = gsgsgsg1111
regist = yes
[response]:
{
	"result":	"ok"
}
Got a POST request for </login>
[post_data][76]=
 {
	"username":	"18292677162",
	"password":	"ywywyw1111",
	"regist":	"yes"
}
username = 18292677162
password = ywywyw1111
regist = yes
[response]:
{
	"result":	"ok"
}
Got a POST request for </login>
[post_data][77]=
 {
	"username":	"18292677162",
	"password":	"hhhhsgh2121",
	"regist":	"yes"
}
username = 18292677162
password = hhhhsgh2121
regist = yes
[response]:
{
	"result":	"ok"
}
Got a POST request for </login>
[post_data][75]=
 {
	"username":	"18292677162",
	"password":	"hsgsgg211",
	"regist":	"yes"
}
username = 18292677162
password = hsgsgg211
regist = yes
[response]:
{
	"result":	"ok"
}
Got a POST request for </login>
[post_data][75]=
 {
	"username":	"18292677162",
	"password":	"yuab88813",
	"regist":	"yes"
}
username = 18292677162
password = yuab88813
regist = yes
[response]:
{
	"result":	"ok"
}
Got a POST request for </login>
[post_data][77]=
 {
	"username":	"18292677162",
	"password":	"gsgsgsg2222",
	"regist":	"yes"
}
username = 18292677162
password = gsgsgsg2222
regist = yes
[response]:
{
	"result":	"ok"
}
Got a POST request for </login>
[post_data][76]=
 {
	"username":	"18292677162",
	"password":	"hshsgsg122",
	"regist":	"yes"
}
username = 18292677162
password = hshsgsg122
regist = yes
[response]:
{
	"result":	"ok"
}
Got a POST request for </login>
[post_data][76]=
 {
	"username":	"18292677162",
	"password":	"syshsg1221",
	"regist":	"yes"
}
username = 18292677162
password = syshsg1221
regist = yes
[response]:
{
	"result":	"ok"
}
Got a POST request for </login>
[post_data][75]=
 {
	"username":	"18292677162",
	"password":	"shshsh111",
	"regist":	"yes"
}
username = 18292677162
password = shshsh111
regist = yes
[response]:
{
	"result":	"ok"
}
Got a POST request for </login>
[post_data][75]=
 {
	"username":	"18292677162",
	"password":	"shshsg111",
	"regist":	"yes"
}
username = 18292677162
password = shshsg111
regist = yes
[response]:
{
	"result":	"ok"
}
Got a POST request for </login>
[post_data][75]=
 {
	"username":	"18292677162",
	"password":	"yuan89124",
	"regist":	"yes"
}
username = 18292677162
password = yuan89124
regist = yes
[response]:
{
	"result":	"ok"
}
Got a POST request for </login>
[post_data][75]=
 {
	"username":	"18292677162",
	"password":	"shshsg111",
	"regist":	"yes"
}
username = 18292677162
password = shshsg111
regist = yes
[response]:
{
	"result":	"ok"
}
Got a POST request for </login>
[post_data][75]=
 {
	"username":	"18292677162",
	"password":	"yuan99124",
	"regist":	"yes"
}
username = 18292677162
password = yuan99124
regist = yes
[response]:
{
	"result":	"ok"
}
Got a POST request for </login>
[post_data][75]=
 {
	"username":	"18292677162",
	"password":	"yuan88124",
	"regist":	"yes"
}
username = 18292677162
password = yuan88124
regist = yes
[response]:
{
	"result":	"ok"
}
Got a POST request for </login>
[post_data][75]=
 {
	"username":	"18292677162",
	"password":	"yuan99124",
	"regist":	"yes"
}
username = 18292677162
password = yuan99124
regist = yes
[response]:
{
	"result":	"ok"
}
Got a POST request for </login>
[post_data][74]=
 {
	"username":	"18292677162",
	"password":	"yygggg11",
	"regist":	"yes"
}
username = 18292677162
password = yygggg11
regist = yes
[response]:
{
	"result":	"ok"
}
Got a POST request for </login>
[post_data][74]=
 {
	"username":	"18292766123",
	"password":	"hshsg111",
	"regist":	"yes"
}
username = 18292766123
password = hshsg111
regist = yes
[response]:
{
	"result":	"ok"
}
Got a POST request for </login>
[post_data][76]=
 {
	"username":	"18292677162",
	"password":	"gsgsgsg111",
	"regist":	"yes"
}
username = 18292677162
password = gsgsgsg111
regist = yes
[response]:
{
	"result":	"ok"
}
Got a POST request for </login>
[post_data][74]=
 {
	"username":	"18292677162",
	"password":	"hwgsg222",
	"regist":	"yes"
}
username = 18292677162
password = hwgsg222
regist = yes
[response]:
{
	"result":	"ok"
}
Got a POST request for </login>
[post_data][75]=
 {
	"username":	"18292677162",
	"password":	"shshsh111",
	"regist":	"yes"
}
username = 18292677162
password = shshsh111
regist = yes
[response]:
{
	"result":	"ok"
}
Got a POST request for </login>
[post_data][75]=
 {
	"username":	"18292677162",
	"password":	"gshsh1111",
	"regist":	"yes"
}
username = 18292677162
password = gshsh1111
regist = yes
[response]:
{
	"result":	"ok"
}
Got a POST request for </login>
[post_data][75]=
 {
	"username":	"18292677162",
	"password":	"hehshsh22",
	"regist":	"yes"
}
username = 18292677162
password = hehshsh22
regist = yes
[response]:
{
	"result":	"ok"
}
Got a POST request for </login>
[post_data][74]=
 {
	"username":	"18292677165",
	"password":	"ggsggg21",
	"regist":	"yes"
}
username = 18292677165
password = ggsggg21
regist = yes
[response]:
{
	"result":	"ok"
}
Got a POST request for </login>
[post_data][74]=
 {
	"username":	"18292677162",
	"password":	"hshshs11",
	"regist":	"yes"
}
username = 18292677162
password = hshshs11
regist = yes
[response]:
{
	"result":	"ok"
}
Got a POST request for </login>
[post_data][75]=
 {
	"username":	"18292677162",
	"password":	"egsssg111",
	"regist":	"yes"
}
username = 18292677162
password = egsssg111
regist = yes
[response]:
{
	"result":	"ok"
}
Got a POST request for </login>
[post_data][76]=
 {
	"username":	"18292677162",
	"password":	"dhshsh1111",
	"regist":	"yes"
}
username = 18292677162
password = dhshsh1111
regist = yes
[response]:
{
	"result":	"ok"
}
Got a POST request for </login>
[post_data][75]=
 {
	"username":	"18291267162",
	"password":	"ehsheh112",
	"regist":	"yes"
}
username = 18291267162
password = ehsheh112
regist = yes
[response]:
{
	"result":	"ok"
}
Got a POST request for </login>
[post_data][76]=
 {
	"username":	"18292677162",
	"password":	"hshsgsg222",
	"regist":	"yes"
}
username = 18292677162
password = hshsgsg222
regist = yes
[response]:
{
	"result":	"ok"
}
Got a POST request for </login>
[post_data][75]=
 {
	"username":	"18292677162",
	"password":	"hdgsgs121",
	"regist":	"yes"
}
username = 18292677162
password = hdgsgs121
regist = yes
[response]:
{
	"result":	"ok"
}
Got a POST request for </login>
[post_data][76]=
 {
	"username":	"18292677162",
	"password":	"hegwgwg111",
	"regist":	"yes"
}
username = 18292677162
password = hegwgwg111
regist = yes
[response]:
{
	"result":	"ok"
}
Got a POST request for </login>
[post_data][75]=
 {
	"username":	"18292677162",
	"password":	"yuqb88813",
	"regist":	"yes"
}
username = 18292677162
password = yuqb88813
regist = yes
[response]:
{
	"result":	"ok"
}
Got a POST request for </login>
[post_data][75]=
 {
	"username":	"18292677162",
	"password":	"hsgsgs111",
	"regist":	"yes"
}
username = 18292677162
password = hsgsgs111
regist = yes
[response]:
{
	"result":	"ok"
}
Got a POST request for </login>
[post_data][76]=
 {
	"username":	"18292677162",
	"password":	"hduuuu2222",
	"regist":	"yes"
}
username = 18292677162
password = hduuuu2222
regist = yes
[response]:
{
	"result":	"ok"
}
Got a POST request for </login>
[post_data][76]=
 {
	"username":	"18292677162",
	"password":	"gsgsgsg222",
	"regist":	"yes"
}
username = 18292677162
password = gsgsgsg222
regist = yes
[response]:
{
	"result":	"ok"
}
Got a POST request for </login>
[post_data][75]=
 {
	"username":	"18295677162",
	"password":	"gwhwgw122",
	"regist":	"yes"
}
username = 18295677162
password = gwhwgw122
regist = yes
[response]:
{
	"result":	"ok"
}
Got a POST request for </login>
[post_data][75]=
 {
	"username":	"18292677162",
	"password":	"yuan99124",
	"regist":	"yes"
}
username = 18292677162
password = yuan99124
regist = yes
[response]:
{
	"result":	"ok"
}
Got a POST request for </login>
[post_data][75]=
 {
	"username":	"18292677162",
	"password":	"gsgsgsg11",
	"regist":	"yes"
}
username = 18292677162
password = gsgsgsg11
regist = yes
[response]:
{
	"result":	"ok"
}
Got a POST request for </login>
[post_data][74]=
 {
	"username":	"18292677162",
	"password":	"dhshh222",
	"regist":	"yes"
}
username = 18292677162
password = dhshh222
regist = yes
[response]:
{
	"result":	"ok"
}
Got a POST request for </login>
[post_data][75]=
 {
	"username":	"18292677162",
	"password":	"jsjseh233",
	"regist":	"yes"
}
username = 18292677162
password = jsjseh233
regist = yes
[response]:
{
	"result":	"ok"
}
Got a POST request for </login>
[post_data][75]=
 {
	"username":	"18292677162",
	"password":	"hhshgg111",
	"regist":	"yes"
}
username = 18292677162
password = hhshgg111
regist = yes
[response]:
{
	"result":	"ok"
}
Got a POST request for </login>
[post_data][75]=
 {
	"username":	"18292677162",
	"password":	"hsgsgs111",
	"regist":	"yes"
}
username = 18292677162
password = hsgsgs111
regist = yes
[response]:
{
	"result":	"ok"
}
Got a POST request for </login>
[post_data][74]=
 {
	"username":	"18292677621",
	"password":	"hshsh112",
	"regist":	"yes"
}
username = 18292677621
password = hshsh112
regist = yes
[response]:
{
	"result":	"ok"
}
Got a POST request for </login>
[post_data][75]=
 {
	"username":	"18292677162",
	"password":	"yuab99124",
	"regist":	"yes"
}
username = 18292677162
password = yuab99124
regist = yes
[response]:
{
	"result":	"ok"
}
Got a POST request for </login>
[post_data][74]=
 {
	"username":	"18292677162",
	"password":	"gsgsg111",
	"regist":	"yes"
}
username = 18292677162
password = gsgsg111
regist = yes
[response]:
{
	"result":	"ok"
}
Got a POST request for </login>
[post_data][74]=
 {
	"username":	"18292677162",
	"password":	"shshsh11",
	"regist":	"yes"
}
username = 18292677162
password = shshsh11
regist = yes
[response]:
{
	"result":	"ok"
}
Got a POST request for </login>
[poscouldn't bind to port 8888. Exiting.
Using OpenSSL version "OpenSSL 1.0.2k-fips  26 Jan 2017"
and libevent version "2.2.0-alpha-dev"
Loading certificate chain from 'server-certificate-chain.pem'
and private key from 'server-private-key.pem'
couldn't bind to port 8888. Exiting.
Using OpenSSL version "OpenSSL 1.0.2k-fips  26 Jan 2017"
and libevent version "2.2.0-alpha-dev"
Loading certificate chain from 'server-certificate-chain.pem'
and private key from 'server-private-key.pem'
