===20200509-183632,regist_cb[149]=== [response]:

===20200509-183632,regist_cb[150]=== {
	"result":	"ok",
	"sessionid":	"online-user-6672562e-bbf8-4616-8996-732a839aec3f",
	"recode":	"0"
}

===20200509-184310,regist_cb[149]=== [response]:

===20200509-184310,regist_cb[150]=== {
	"result":	"ok",
	"sessionid":	"online-user-8d390e93-625b-49df-979d-4f66b542a580",
	"recode":	"0"
}

===20200509-190425,regist_cb[149]=== [response]:

===20200509-190425,regist_cb[150]=== {
	"result":	"ok",
	"sessionid":	"online-user-02541f63-2a92-4569-adcd-d51b9c228f26",
	"recode":	"0"
}

===20200509-203336,regist_cb[149]=== [response]:

===20200509-203336,regist_cb[150]=== {
	"result":	"ok",
	"sessionid":	"online-user-c53f6c02-b9b1-4713-8612-7865f434ecba",
	"recode":	"0"
}

===20200509-212421,regist_cb[149]=== [response]:

===20200509-212421,regist_cb[150]=== {
	"result":	"ok",
	"sessionid":	"online-user-8a407e14-0107-4c4a-b806-c76c0c75d533",
	"recode":	"0"
}

