===20200509-182627,curl_to_dataserver_login[113]=== query login succ

===20200509-182627,curl_to_cacheserver_session[156]=== sessionid = online-user-138dc115-d27f-4d39-ab0c-f7f72fcd1847, username  = 18292677162

===20200509-182627,curl_to_cacheserver_session[193]=== set session  succ

===20200509-182627,curl_to_cacheserver_lifecycle[257]=== set lifecycle  succ

===20200509-183632,curl_to_dataserver_reg[326]=== store reg succ

===20200509-183632,curl_to_cacheserver_session[156]=== sessionid = online-user-6672562e-bbf8-4616-8996-732a839aec3f, username  = 13084872927

===20200509-183632,curl_to_cacheserver_session[193]=== set session  succ

===20200509-183632,curl_to_cacheserver_lifecycle[257]=== set lifecycle  succ

===20200509-183651,curl_to_dataserver_login[113]=== query login succ

===20200509-183651,curl_to_cacheserver_session[156]=== sessionid = online-user-394a6b53-30c0-45d9-a9a8-41975b0d3b24, username  = 13084872927

===20200509-183651,curl_to_cacheserver_session[193]=== set session  succ

===20200509-183651,curl_to_cacheserver_lifecycle[257]=== set lifecycle  succ

===20200509-184310,curl_to_dataserver_reg[326]=== store reg succ

===20200509-184310,curl_to_cacheserver_session[156]=== sessionid = online-user-8d390e93-625b-49df-979d-4f66b542a580, username  = 15332534980

===20200509-184310,curl_to_cacheserver_session[193]=== set session  succ

===20200509-184310,curl_to_cacheserver_lifecycle[257]=== set lifecycle  succ

===20200509-184331,curl_to_dataserver_login[113]=== query login succ

===20200509-184331,curl_to_cacheserver_session[156]=== sessionid = online-user-14142e88-dbec-4899-83ca-270896ca0a8d, username  = 15332534980

===20200509-184331,curl_to_cacheserver_session[193]=== set session  succ

===20200509-184331,curl_to_cacheserver_lifecycle[257]=== set lifecycle  succ

===20200509-185022,curl_to_dataserver_login[120]=== query login, reason = query SUBWAY_TABLE_USER error

===20200509-185049,curl_to_dataserver_login[113]=== query login succ

===20200509-185049,curl_to_cacheserver_session[156]=== sessionid = online-user-bc19c0e2-5df8-44b1-b593-23618ecadba7, username  = 13084872927

===20200509-185049,curl_to_cacheserver_session[193]=== set session  succ

===20200509-185049,curl_to_cacheserver_lifecycle[257]=== set lifecycle  succ

===20200509-190220,curl_to_dataserver_login[113]=== query login succ

===20200509-190220,curl_to_cacheserver_session[156]=== sessionid = online-user-a490f438-bb60-4fb8-a255-e8148fc8c0d2, username  = 18292677162

===20200509-190220,curl_to_cacheserver_session[193]=== set session  succ

===20200509-190220,curl_to_cacheserver_lifecycle[257]=== set lifecycle  succ

===20200509-190425,curl_to_dataserver_reg[326]=== store reg succ

===20200509-190425,curl_to_cacheserver_session[156]=== sessionid = online-user-02541f63-2a92-4569-adcd-d51b9c228f26, username  = 15520722873

===20200509-190425,curl_to_cacheserver_session[193]=== set session  succ

===20200509-190425,curl_to_cacheserver_lifecycle[257]=== set lifecycle  succ

===20200509-190438,curl_to_dataserver_login[113]=== query login succ

===20200509-190438,curl_to_cacheserver_session[156]=== sessionid = online-user-08d58f45-665e-4758-88a0-3b7124647cfc, username  = 15520722873

===20200509-190438,curl_to_cacheserver_session[193]=== set session  succ

===20200509-190438,curl_to_cacheserver_lifecycle[257]=== set lifecycle  succ

===20200509-190616,curl_to_dataserver_login[113]=== query login succ

===20200509-190616,curl_to_cacheserver_session[156]=== sessionid = online-user-8278826a-c196-46b8-a1e8-3845cdb8a4a8, username  = 18292677162

===20200509-190616,curl_to_cacheserver_session[193]=== set session  succ

===20200509-190616,curl_to_cacheserver_lifecycle[257]=== set lifecycle  succ

===20200509-191135,curl_to_dataserver_login[113]=== query login succ

===20200509-191135,curl_to_cacheserver_session[156]=== sessionid = online-user-12859c78-c663-482a-9826-a62e3c989780, username  = 15520722873

===20200509-191135,curl_to_cacheserver_session[193]=== set session  succ

===20200509-191135,curl_to_cacheserver_lifecycle[257]=== set lifecycle  succ

===20200509-200657,curl_to_dataserver_login[113]=== query login succ

===20200509-200657,curl_to_cacheserver_session[156]=== sessionid = online-user-829cb7a3-1d7c-4435-b20e-7eea883ea4bc, username  = 18292677162

===20200509-200657,curl_to_cacheserver_session[193]=== set session  succ

===20200509-200657,curl_to_cacheserver_lifecycle[257]=== set lifecycle  succ

===20200509-203336,curl_to_dataserver_reg[326]=== store reg succ

===20200509-203336,curl_to_cacheserver_session[156]=== sessionid = online-user-c53f6c02-b9b1-4713-8612-7865f434ecba, username  = 15771767863

===20200509-203336,curl_to_cacheserver_session[193]=== set session  succ

===20200509-203336,curl_to_cacheserver_lifecycle[257]=== set lifecycle  succ

===20200509-203349,curl_to_dataserver_login[113]=== query login succ

===20200509-203349,curl_to_cacheserver_session[156]=== sessionid = online-user-654ef312-5992-4101-b60f-1d78ce0c3dcd, username  = 15771767863

===20200509-203349,curl_to_cacheserver_session[193]=== set session  succ

===20200509-203349,curl_to_cacheserver_lifecycle[257]=== set lifecycle  succ

===20200509-205428,curl_to_dataserver_login[113]=== query login succ

===20200509-205428,curl_to_cacheserver_session[156]=== sessionid = online-user-aefcb5a2-1dec-4dfc-b1c2-476211de52c1, username  = 18292677162

===20200509-205428,curl_to_cacheserver_session[193]=== set session  succ

===20200509-205428,curl_to_cacheserver_lifecycle[257]=== set lifecycle  succ

===20200509-212421,curl_to_dataserver_reg[326]=== store reg succ

===20200509-212421,curl_to_cacheserver_session[156]=== sessionid = online-user-8a407e14-0107-4c4a-b806-c76c0c75d533, username  = 18292677162

===20200509-212421,curl_to_cacheserver_session[193]=== set session  succ

===20200509-212421,curl_to_cacheserver_lifecycle[257]=== set lifecycle  succ

===20200509-212841,curl_to_dataserver_login[113]=== query login succ

===20200509-212841,curl_to_cacheserver_session[156]=== sessionid = online-user-e8a75eb5-2978-4bc8-a2e8-264fdbe00610, username  = 18292677162

===20200509-212841,curl_to_cacheserver_session[193]=== set session  succ

===20200509-212841,curl_to_cacheserver_lifecycle[257]=== set lifecycle  succ

===20200509-212956,curl_to_dataserver_login[120]=== query login, reason = query SUBWAY_TABLE_USER error

===20200509-213155,curl_to_dataserver_login[120]=== query login, reason = query SUBWAY_TABLE_USER error

===20200509-213201,curl_to_dataserver_login[113]=== query login succ

===20200509-213201,curl_to_cacheserver_session[156]=== sessionid = online-user-f5f5f9a9-44b4-4fa2-ada6-8ff450864e3c, username  = 18292677162

===20200509-213201,curl_to_cacheserver_session[193]=== set session  succ

===20200509-213201,curl_to_cacheserver_lifecycle[257]=== set lifecycle  succ

===20200509-214936,curl_to_dataserver_login[113]=== query login succ

===20200509-214936,curl_to_cacheserver_session[156]=== sessionid = online-user-900cf2e8-05fd-4bf5-9c63-0dbbe7e370be, username  = 18292677162

===20200509-214936,curl_to_cacheserver_session[193]=== set session  succ

===20200509-214936,curl_to_cacheserver_lifecycle[257]=== set lifecycle  succ

===20200509-220048,curl_to_dataserver_login[113]=== query login succ

===20200509-220048,curl_to_cacheserver_session[156]=== sessionid = online-user-cc8ea18a-3413-4f16-974b-d994feffadf9, username  = 13084872927

===20200509-220048,curl_to_cacheserver_session[193]=== set session  succ

===20200509-220048,curl_to_cacheserver_lifecycle[257]=== set lifecycle  succ

